<?xml version="1.0" encoding="UTF-8"?>
<!-- Generated by org.testng.reporters.JUnitXMLReporter -->
<testsuite hostname="WINMS01" ignored="0" name="Default test" tests="3" failures="0" timestamp="05 Apr 2018 18:16:54 GMT" time="90.462" errors="0">
  <testcase name="runTest" time="27.195" classname="executionEngine.DriverScriptTest"/>
  <testcase name="runTest" time="60.476" classname="executionEngine.DriverScriptTest"/>
  <testcase name="runTest" time="90.009" classname="executionEngine.DriverScriptTest"/>
</testsuite> <!-- Default test -->
