<?xml version="1.0" encoding="UTF-8"?>
<testng-results skipped="0" failed="0" ignored="0" total="3" passed="3">
  <reporter-output>
  </reporter-output>
  <suite name="Default suite" duration-ms="90462" started-at="2018-04-05T18:15:23Z" finished-at="2018-04-05T18:16:54Z">
    <groups>
    </groups>
    <test name="Default test" duration-ms="90462" started-at="2018-04-05T18:15:23Z" finished-at="2018-04-05T18:16:54Z">
      <class name="executionEngine.DriverScriptTest">
        <test-method status="PASS" signature="prepareOr()[pri:0, instance:executionEngine.DriverScriptTest@5c3bd550]" name="prepareOr" is-config="true" duration-ms="9" started-at="2018-04-05T18:15:23Z" finished-at="2018-04-05T18:15:23Z">
          <reporter-output>
          </reporter-output>
        </test-method> <!-- prepareOr -->
        <test-method status="PASS" signature="runTest(java.util.Map)[pri:0, instance:executionEngine.DriverScriptTest@5c3bd550]" name="runTest" duration-ms="90009" started-at="2018-04-05T18:15:24Z" data-provider="TestsToRun" finished-at="2018-04-05T18:16:54Z">
          <params>
            <param index="0">
              <value>
                <![CDATA[{Login_02=FireFox}]]>
              </value>
            </param>
          </params>
          <reporter-output>
          </reporter-output>
        </test-method> <!-- runTest -->
        <test-method status="PASS" signature="runTest(java.util.Map)[pri:0, instance:executionEngine.DriverScriptTest@5c3bd550]" name="runTest" duration-ms="60476" started-at="2018-04-05T18:15:24Z" data-provider="TestsToRun" finished-at="2018-04-05T18:16:24Z">
          <params>
            <param index="0">
              <value>
                <![CDATA[{Login_01=FireFox}]]>
              </value>
            </param>
          </params>
          <reporter-output>
          </reporter-output>
        </test-method> <!-- runTest -->
        <test-method status="PASS" signature="runTest(java.util.Map)[pri:0, instance:executionEngine.DriverScriptTest@5c3bd550]" name="runTest" duration-ms="27195" started-at="2018-04-05T18:15:24Z" data-provider="TestsToRun" finished-at="2018-04-05T18:15:51Z">
          <params>
            <param index="0">
              <value>
                <![CDATA[{Login_04=FireFox}]]>
              </value>
            </param>
          </params>
          <reporter-output>
          </reporter-output>
        </test-method> <!-- runTest -->
      </class> <!-- executionEngine.DriverScriptTest -->
    </test> <!-- Default test -->
  </suite> <!-- Default suite -->
</testng-results>
